<?xml version="1.0" encoding="UTF-8" ?>
<testsuite name="Shopping.ShoppingListArrayTest" timestamp="2022-02-05T20:25:39" hostname="LAPTOP-QiongCheng" tests="21" failures="0" errors="0" skipped="0" time="0.11">
  <properties>
    <property name="netbeans.autoupdate.country" value="US" />
    <property name="javac.test.classpath" value="hamcrest-core-1.3.jar:junit-4.12.jar:DataStructures.jar:build/classes" />
    <property name="javac.includes" value="Shopping/ShoppingListArrayTest.java" />
    <property name="ant.core.lib" value="C:\Program Files\NetBeans 8.2\extide\ant\lib\ant.jar" />
    <property name="javadoc.windowtitle" value="" />
    <property name="user.dir" value="C:\Users\Qiong\Documents\NetBeansProjects\DSAssignent1_Shopping" />
    <property name="java.vm.version" value="25.111-b14" />
    <property name="libs.MySQLDriver.classpath" value="C:\Program Files\NetBeans 8.2\ide\modules\ext\mysql-connector-java-5.1.23-bin.jar" />
    <property name="libs.eclipselinkmodelgen.src" value="" />
    <property name="javadoc.notree" value="false" />
    <property name="netbeans.autoupdate.version" value="1.23" />
    <property name="libs.EclipseLink-GlassFish-v3.classpath" value="C:\Users\Qiong\chunting\tools\NetBeans\GlassFish\glassfish-4.1.1\glassfish\modules\org.eclipse.persistence.antlr.jar;C:\Users\Qiong\chunting\tools\NetBeans\GlassFish\glassfish-4.1.1\glassfish\modules\org.eclipse.persistence.asm.jar;C:\Users\Qiong\chunting\tools\NetBeans\GlassFish\glassfish-4.1.1\glassfish\modules\org.eclipse.persistence.core.jar;C:\Users\Qiong\chunting\tools\NetBeans\GlassFish\glassfish-4.1.1\glassfish\modules\org.eclipse.persistence.dbws.jar;C:\Users\Qiong\chunting\tools\NetBeans\GlassFish\glassfish-4.1.1\glassfish\modules\org.eclipse.persistence.jpa.jar;C:\Users\Qiong\chunting\tools\NetBeans\GlassFish\glassfish-4.1.1\glassfish\modules\org.eclipse.persistence.jpa.jpql.jar;C:\Users\Qiong\chunting\tools\NetBeans\GlassFish\glassfish-4.1.1\glassfish\modules\org.eclipse.persistence.jpa.modelgen.processor.jar;C:\Users\Qiong\chunting\tools\NetBeans\GlassFish\glassfish-4.1.1\glassfish\modules\org.eclipse.persistence.moxy.jar;C:\Users\Qiong\chunting\tools\NetBeans\GlassFish\glassfish-4.1.1\glassfish\modules\org.eclipse.persistence.oracle.jar;C:\Users\Qiong\chunting\tools\NetBeans\GlassFish\glassfish-4.1.1\glassfish\modules\javax.persistence.jar" />
    <property name="libs.Java-EE-GlassFish-v3-Prelude.javadoc" value="C:\Users\Qiong\chunting\tools\NetBeans\NetBeans 8.1\enterprise\docs\javaee-doc-api.jar" />
    <property name="javac.profile.cmd.line.arg" value="" />
    <property name="jdk.home" value="C:\Users\Qiong\chunting\tools\NetBeans\jdk1.8.0_111" />
    <property name="libs.javac-api.src" value="" />
    <property name="javadoc.noindex" value="false" />
    <property name="libs.jpa2-persistence.classpath" value="C:\Program Files\NetBeans 8.2\java\modules\ext\hibernate4\hibernate-jpa-2.1-api-1.0.0.Final.jar" />
    <property name="sun.os.patch.level" value="" />
    <property name="libs.Java-EE-GlassFish-v3-Prelude.src" value="" />
    <property name="do.archive+manifest.available" value="true" />
    <property name="java.vm.specification.name" value="Java Virtual Machine Specification" />
    <property name="nb.show.statistics.ui" value="usageStatisticsEnabled" />
    <property name="netbeans.autoupdate.variant" value="" />
    <property name="have.tests" value="true" />
    <property name="org.xml.sax.driver" value="com.sun.org.apache.xerces.internal.jaxp.SAXParserImpl$JAXPSAXParser" />
    <property name="libs.hamcrest.classpath" value="C:\Program Files\NetBeans 8.2\platform\modules\ext\hamcrest-core-1.3.jar" />
    <property name="libs.javac-api.javadoc" value="" />
    <property name="os.name" value="Windows 10" />
    <property name="test.class" value="Shopping.ShoppingListArrayTest" />
    <property name="libs.beans-binding.classpath" value="C:\Program Files\NetBeans 8.2\java\modules\ext\beansbinding-1.2.1.jar" />
    <property name="ap.proc.none.internal" value="" />
    <property name="libs.JWSAntTasks.maven-pom" value="" />
    <property name="libs.testng.src" value="" />
    <property name="java.vendor.url.bug" value="http://bugreport.sun.com/bugreport/" />
    <property name="libs.jaxb.maven-pom" value="" />
    <property name="os.arch" value="amd64" />
    <property name="libs.eclipselink.src" value="" />
    <property name="user.name" value="Qiong" />
    <property name="libs.Comet-GlassFish-v3.javadoc" value="" />
    <property name="copylibs.rebase" value="true" />
    <property name="libs.swing-layout.maven-pom" value="" />
    <property name="sun.java.command" value="org.apache.tools.ant.taskdefs.optional.junit.JUnitTestRunner Shopping.ShoppingListArrayTest skipNonTests=false filtertrace=true haltOnError=false haltOnFailure=false showoutput=true outputtoformatters=true logfailedtests=true threadid=0 logtestlistenerevents=true formatter=org.apache.tools.ant.taskdefs.optional.junit.BriefJUnitResultFormatter formatter=org.apache.tools.ant.taskdefs.optional.junit.XMLJUnitResultFormatter,C:\Users\Qiong\Documents\NetBeansProjects\DSAssignent1_Shopping\build\test\results\TEST-Shopping.ShoppingListArrayTest.xml crashfile=C:\Users\Qiong\Documents\NetBeansProjects\DSAssignent1_Shopping\build\junitvmwatcher8567824715442401254.properties propsfile=C:\Users\Qiong\Documents\NetBeansProjects\DSAssignent1_Shopping\build\junit3162044392658190440.properties" />
    <property name="build.classes.dir" value="build/classes" />
    <property name="netbeans.accept_license_class" value="org.netbeans.license.AcceptLicense" />
    <property name="build.sysclasspath" value="ignore" />
    <property name="manifest.encoding" value="UTF-8" />
    <property name="ap.supported.internal" value="true" />
    <property name="java.failonerror" value="true" />
    <property name="run.modulepath" value="" />
    <property name="libs.jaxws21.javadoc" value="C:\Program Files\NetBeans 8.2\java\docs\jaxws-api-doc.zip" />
    <property name="file.reference.junit-4.12.jar" value="junit-4.12.jar" />
    <property name="includes" value="**" />
    <property name="user.country" value="US" />
    <property name="manifest.file" value="manifest.mf" />
    <property name="ant.file.type.ITCS2214_Shopping-impl" value="file" />
    <property name="javadoc.encoding" value="UTF-8" />
    <property name="javac.classpath" value="hamcrest-core-1.3.jar:junit-4.12.jar:DataStructures.jar" />
    <property name="libs.JAVADB_DRIVER_LABEL.src" value="" />
    <property name="libs.spring-framework400.classpath" value="C:\Program Files\NetBeans 8.2\ide\modules\org-apache-commons-logging.jar;C:\Program Files\NetBeans 8.2\java\modules\ext\cglib-2.2.jar;C:\Program Files\NetBeans 8.2\java\modules\ext\spring-4\spring-aop-4.0.1.RELEASE.jar;C:\Program Files\NetBeans 8.2\java\modules\ext\spring-4\spring-aspects-4.0.1.RELEASE.jar;C:\Program Files\NetBeans 8.2\java\modules\ext\spring-4\spring-beans-4.0.1.RELEASE.jar;C:\Program Files\NetBeans 8.2\java\modules\ext\spring-4\spring-build-src-4.0.1.RELEASE.jar;C:\Program Files\NetBeans 8.2\java\modules\ext\spring-4\spring-context-4.0.1.RELEASE.jar;C:\Program Files\NetBeans 8.2\java\modules\ext\spring-4\spring-context-support-4.0.1.RELEASE.jar;C:\Program Files\NetBeans 8.2\java\modules\ext\spring-4\spring-core-4.0.1.RELEASE.jar;C:\Program Files\NetBeans 8.2\java\modules\ext\spring-4\spring-expression-4.0.1.RELEASE.jar;C:\Program Files\NetBeans 8.2\java\modules\ext\spring-4\spring-framework-bom-4.0.1.RELEASE.jar;C:\Program Files\NetBeans 8.2\java\modules\ext\spring-4\spring-instrument-4.0.1.RELEASE.jar;C:\Program Files\NetBeans 8.2\java\modules\ext\spring-4\spring-instrument-tomcat-4.0.1.RELEASE.jar;C:\Program Files\NetBeans 8.2\java\modules\ext\spring-4\spring-jdbc-4.0.1.RELEASE.jar;C:\Program Files\NetBeans 8.2\java\modules\ext\spring-4\spring-jms-4.0.1.RELEASE.jar;C:\Program Files\NetBeans 8.2\java\modules\ext\spring-4\spring-messaging-4.0.1.RELEASE.jar;C:\Program Files\NetBeans 8.2\java\modules\ext\spring-4\spring-orm-4.0.1.RELEASE.jar;C:\Program Files\NetBeans 8.2\java\modules\ext\spring-4\spring-oxm-4.0.1.RELEASE.jar;C:\Program Files\NetBeans 8.2\java\modules\ext\spring-4\spring-test-4.0.1.RELEASE.jar;C:\Program Files\NetBeans 8.2\java\modules\ext\spring-4\spring-tx-4.0.1.RELEASE.jar;C:\Program Files\NetBeans 8.2\java\modules\ext\spring-4\spring-web-4.0.1.RELEASE.jar;C:\Program Files\NetBeans 8.2\java\modules\ext\spring-4\spring-webmvc-4.0.1.RELEASE.jar;C:\Program Files\NetBeans 8.2\java\modules\ext\spring-4\spring-webmvc-portlet-4.0.1.RELEASE.jar;C:\Program Files\NetBeans 8.2\java\modules\ext\spring-4\spring-websocket-4.0.1.RELEASE.jar" />
    <property name="debug-transport" value="dt_shmem" />
    <property name="netbeans.home" value="C:\Program Files\NetBeans 8.2\platform" />
    <property name="build.compiler.emacs" value="true" />
    <property name="javac.modulepath" value="" />
    <property name="java.endorsed.dirs" value="C:\Users\Qiong\chunting\tools\NetBeans\jdk1.8.0_111\jre\lib\endorsed" />
    <property name="libs.Comet-GlassFish-v3.maven-pom" value="" />
    <property name="test.includes" value="Shopping/ShoppingListArrayTest.java" />
    <property name="netbeans.dynamic.classpath" value="C:\Program Files\NetBeans 8.2\platform\core\asm-all-5.0.1.jar;C:\Program Files\NetBeans 8.2\platform\core\core-base.jar;C:\Program Files\NetBeans 8.2\platform\core\core.jar;C:\Program Files\NetBeans 8.2\platform\core\org-netbeans-libs-asm.jar;C:\Program Files\NetBeans 8.2\platform\core\org-openide-filesystems-compat8.jar;C:\Program Files\NetBeans 8.2\platform\core\org-openide-filesystems.jar;C:\Program Files\NetBeans 8.2\platform\core\locale\core-base_ja.jar;C:\Program Files\NetBeans 8.2\platform\core\locale\core-base_pt_BR.jar;C:\Program Files\NetBeans 8.2\platform\core\locale\core-base_ru.jar;C:\Program Files\NetBeans 8.2\platform\core\locale\core-base_zh_CN.jar;C:\Program Files\NetBeans 8.2\platform\core\locale\core_ja.jar;C:\Program Files\NetBeans 8.2\platform\core\locale\core_pt_BR.jar;C:\Program Files\NetBeans 8.2\platform\core\locale\core_ru.jar;C:\Program Files\NetBeans 8.2\platform\core\locale\core_zh_CN.jar;C:\Program Files\NetBeans 8.2\platform\core\locale\org-netbeans-libs-asm_ja.jar;C:\Program Files\NetBeans 8.2\platform\core\locale\org-netbeans-libs-asm_pt_BR.jar;C:\Program Files\NetBeans 8.2\platform\core\locale\org-netbeans-libs-asm_ru.jar;C:\Program Files\NetBeans 8.2\platform\core\locale\org-netbeans-libs-asm_zh_CN.jar;C:\Program Files\NetBeans 8.2\platform\core\locale\org-openide-filesystems-compat8_ja.jar;C:\Program Files\NetBeans 8.2\platform\core\locale\org-openide-filesystems-compat8_pt_BR.jar;C:\Program Files\NetBeans 8.2\platform\core\locale\org-openide-filesystems-compat8_ru.jar;C:\Program Files\NetBeans 8.2\platform\core\locale\org-openide-filesystems-compat8_zh_CN.jar;C:\Program Files\NetBeans 8.2\platform\core\locale\org-openide-filesystems_ja.jar;C:\Program Files\NetBeans 8.2\platform\core\locale\org-openide-filesystems_pt_BR.jar;C:\Program Files\NetBeans 8.2\platform\core\locale\org-openide-filesystems_ru.jar;C:\Program Files\NetBeans 8.2\platform\core\locale\org-openide-filesystems_zh_CN.jar;C:\Program Files\NetBeans 8.2\nb\core\org-netbeans-upgrader.jar;C:\Program Files\NetBeans 8.2\nb\core\locale\core_nb.jar;C:\Program Files\NetBeans 8.2\nb\core\locale\core_nb_ja.jar;C:\Program Files\NetBeans 8.2\nb\core\locale\core_nb_pt_BR.jar;C:\Program Files\NetBeans 8.2\nb\core\locale\core_nb_ru.jar;C:\Program Files\NetBeans 8.2\nb\core\locale\core_nb_zh_CN.jar;C:\Program Files\NetBeans 8.2\nb\core\locale\org-netbeans-upgrader_ja.jar;C:\Program Files\NetBeans 8.2\nb\core\locale\org-netbeans-upgrader_pt_BR.jar;C:\Program Files\NetBeans 8.2\nb\core\locale\org-netbeans-upgrader_ru.jar;C:\Program Files\NetBeans 8.2\nb\core\locale\org-netbeans-upgrader_zh_CN.jar" />
    <property name="java.vm.specification.version" value="1.8" />
    <property name="libs.hibernate4-support.src" value="" />
    <property name="netbeans.productversion" value="NetBeans IDE 8.2 (Build 201609300101)" />
    <property name="libs.jaxws21.src" value="" />
    <property name="application.title" value="ITCS2214_Shopping" />
    <property name="do.archive" value="true" />
    <property name="netbeans.autoupdate.language" value="en" />
    <property name="java.vendor" value="Oracle Corporation" />
    <property name="jar.index.metainf" value="false" />
    <property name="javac.debug" value="true" />
    <property name="javadoc.splitindex" value="true" />
    <property name="file.separator" value="\" />
    <property name="libs.Java-EE-GlassFish-v3-Prelude.maven-pom" value="" />
    <property name="javac.includesfile.binary" value="C:\Users\Qiong\Documents\NetBeansProjects\DSAssignent1_Shopping\null1953523265" />
    <property name="libs.junit_4.maven-pom" value="" />
    <property name="mkdist.disabled" value="false" />
    <property name="javac.test.processorpath" value="hamcrest-core-1.3.jar:junit-4.12.jar:DataStructures.jar:build/classes" />
    <property name="netbeans.buildnumber" value="201609300101" />
    <property name="libs.JWSAntTasks.javadoc" value="" />
    <property name="build.generated.sources.dir" value="build/generated-sources" />
    <property name="user.variant" value="" />
    <property name="libs.eclipselinkmodelgen.classpath" value="C:\Program Files\NetBeans 8.2\java\modules\ext\eclipselink\org.eclipse.persistence.jpa.modelgen_2.5.2.v20140319-9ad6abd.jar" />
    <property name="sun.java.launcher" value="SUN_STANDARD" />
    <property name="libs.hibernate4-persistencemodelgen.javadoc" value="" />
    <property name="libs.jaxb.javadoc" value="C:\Program Files\NetBeans 8.2\ide\docs\jaxb-api-doc.zip" />
    <property name="javac.includes.binary" value="C:\Users\Qiong\Documents\NetBeansProjects\DSAssignent1_Shopping\build\test\classes\Shopping\ShoppingListArrayTest.class" />
    <property name="ant.home" value="C:\Program Files\NetBeans 8.2\extide\ant" />
    <property name="libs.junit_4.src" value="C:\Program Files\NetBeans 8.2\platform\docs\junit-4.12-sources.jar" />
    <property name="libs.testng.classpath" value="C:\Program Files\NetBeans 8.2\platform\modules\ext\testng-6.8.1-dist.jar" />
    <property name="libs.absolutelayout.maven-pom" value="" />
    <property name="ant.java.version" value="1.8" />
    <property name="java.library.path" value="C:\Users\Qiong\chunting\tools\NetBeans\jdk1.8.0_111\jre\bin;C:\WINDOWS\Sun\Java\bin;C:\WINDOWS\system32;C:\WINDOWS;C:\Users\Qiong\chunting\tools\MicrosoftMPI\Bin\;C:\Program Files (x86)\Common Files\Oracle\Java\javapath;C:\Users\Qiong\chunting\tools\jdk1.8.0_102\bin;C:\ProgramData\Oracle\Java\javapath;C:\Users\Qiong\chunting\tools\curl-7.49.1-win64-mingw\curl-7.49.1-win64-mingw\bin;C:\Users\Qiong\chunting\tools\mysql-5.7.12-winx64\bin;C:\Program Files (x86)\Intel\iCLS Client\;C:\Program Files\Intel\iCLS Client\;C:\Windows\system32;C:\Windows;C:\Windows\System32\Wbem;C:\Windows\System32\WindowsPowerShell\v1.0\;C:\Program Files (x86)\NVIDIA Corporation\PhysX\Common;C:\Program Files (x86)\Intel\Intel(R) Management Engine Components\DAL;C:\Program Files\Intel\Intel(R) Management Engine Components\DAL;C:\Program Files (x86)\Intel\Intel(R) Management Engine Components\IPT;C:\Program Files\Intel\Intel(R) Management Engine Components\IPT;C:\Program Files\Microsoft SQL Server\130\Tools\Binn\;C:\Users\Qiong\chunting\tools\Git\cmd;C:\Program Files\Git LFS;C:\WINDOWS\system32;C:\WINDOWS;C:\WINDOWS\System32\Wbem;C:\WINDOWS\System32\WindowsPowerShell\v1.0\;C:\Users\Qiong\chunting\tools\j3d-1_5_2-windows-amd64\j3d-jre\bin;C:\Users\Qiong\chunting\tools\apache-maven-3.3.9\bin;C:\Program Files (x86)\PuTTY\;C:\Program Files\nodejs\;C:\Program Files\Intel\WiFi\bin\;C:\Program Files\Common Files\Intel\WirelessCommon\;C:\Program Files (x86)\Skype\Phone\;C:\Program Files (x86)\Microsoft SQL Server\140\Tools\Binn\;C:\Program Files\Microsoft SQL Server\140\Tools\Binn\;C:\Program Files (x86)\Microsoft SQL Server\140\DTS\Binn\;C:\Program Files\Microsoft SQL Server\140\DTS\Binn\;C:\Program Files\Microsoft SQL Server\Client SDK\ODBC\130\Tools\Binn\;C:\Program Files (x86)\Microsoft SQL Server\Client SDK\ODBC\130\Tools\Binn\;C:\Program Files (x86)\Microsoft SQL Server\140\Tools\Binn\ManagementStudio\;C:\WINDOWS\System32\OpenSSH\;C:\Users\Qiong\chunting\tools\msys2\usr\bin;C:\Users\Qiong\chunting\tools\msys2\mingw64\bin;C:\Program Files\NVIDIA Corporation\Nsight Compute 2020.2.1\;C:\Program Files\NVIDIA Corporation\NVIDIA NvDLISR;C:\Users\Qiong\chunting\tools\Vagrant\bin;C:\Program Files\MySQL\MySQL Shell 8.0\bin\;C:\Users\Qiong\chunting\tools\blast-2.11.0+\bin;C:\Users\Qiong\AppData\Local\Microsoft\WindowsApps;C:\Users\Qiong\AppData\Roaming\npm;C:\Users\Qiong\chunting\tools\msys2\usr\bin;C:\Users\Qiong\chunting\tools\msys2\mingw64\bin;C:\Users\Qiong\chunting\tools\VSCode\bin;C:\Program Files\NVIDIA GPU Computing Toolkit\CUDA\v11.1\libnvvp;C:\Program Files\NVIDIA GPU Computing Toolkit\CUDA\v11.1\bin;C:\Users\Qiong\chunting\tools\blast-2.11.0+\bin;;." />
    <property name="javadoc.author" value="false" />
    <property name="libs.EclipseLink-GlassFish-v3.src" value="" />
    <property name="java.util.logging.config.class" value="org.netbeans.core.startup.TopLogging" />
    <property name="libs.spring-framework400.src" value="" />
    <property name="libs.PostgreSQLDriver.src" value="" />
    <property name="sun.arch.data.model" value="64" />
    <property name="basedir" value="C:\Users\Qiong\Documents\NetBeansProjects\DSAssignent1_Shopping" />
    <property name="libs.jpa20-persistence.maven-pom" value="" />
    <property name="jar.compress" value="false" />
    <property name="path.separator" value=";" />
    <property name="ant.junit.enabletestlistenerevents" value="true" />
    <property name="sun.io.unicode.encoding" value="UnicodeLittle" />
    <property name="libs.jaxws21.classpath" value="C:\Program Files\NetBeans 8.2\ide\modules\ext\jaxb\jaxb-impl.jar;C:\Program Files\NetBeans 8.2\ide\modules\ext\jaxb\jaxb-xjc.jar;C:\Program Files\NetBeans 8.2\java\modules\ext\jaxws22\FastInfoset.jar;C:\Program Files\NetBeans 8.2\java\modules\ext\jaxws22\gmbal-api-only.jar;C:\Program Files\NetBeans 8.2\java\modules\ext\jaxws22\ha-api.jar;C:\Program Files\NetBeans 8.2\java\modules\ext\jaxws22\javax.mail_1.4.jar;C:\Program Files\NetBeans 8.2\java\modules\ext\jaxws22\jaxws-rt.jar;C:\Program Files\NetBeans 8.2\java\modules\ext\jaxws22\jaxws-tools.jar;C:\Program Files\NetBeans 8.2\java\modules\ext\jaxws22\management-api.jar;C:\Program Files\NetBeans 8.2\java\modules\ext\jaxws22\mimepull.jar;C:\Program Files\NetBeans 8.2\java\modules\ext\jaxws22\policy.jar;C:\Program Files\NetBeans 8.2\java\modules\ext\jaxws22\saaj-impl.jar;C:\Program Files\NetBeans 8.2\java\modules\ext\jaxws22\stax-ex.jar;C:\Program Files\NetBeans 8.2\java\modules\ext\jaxws22\stax2-api.jar;C:\Program Files\NetBeans 8.2\java\modules\ext\jaxws22\streambuffer.jar;C:\Program Files\NetBeans 8.2\java\modules\ext\jaxws22\woodstox-core-asl.jar;C:\Program Files\NetBeans 8.2\java\modules\ext\jaxws22\api\jaxws-api.jar;C:\Program Files\NetBeans 8.2\java\modules\ext\jaxws22\api\jsr181-api.jar;C:\Program Files\NetBeans 8.2\java\modules\ext\jaxws22\api\javax.annotation.jar;C:\Program Files\NetBeans 8.2\java\modules\ext\jaxws22\api\saaj-api.jar;C:\Program Files\NetBeans 8.2\ide\modules\ext\jaxb\activation.jar;C:\Program Files\NetBeans 8.2\ide\modules\ext\jaxb\api\jaxb-api.jar;C:\Program Files\NetBeans 8.2\ide\modules\ext\jaxb\api\jsr173_1.0_api.jar" />
    <property name="compile.on.save" value="false" />
    <property name="apple.awt.graphics.UseQuartz" value="true" />
    <property name="user.language" value="en" />
    <property name="testng.mode" value="testng" />
    <property name="libs.JAXB-ENDORSED.maven-pom" value="" />
    <property name="libs.eclipselink.maven-pom" value="" />
    <property name="application.vendor" value="paulw" />
    <property name="test.binaryincludes" value="&lt;nothing&gt;" />
    <property name="manifest.available" value="true" />
    <property name="libs.spring-framework300.maven-pom" value="" />
    <property name="run.test.classpath" value="hamcrest-core-1.3.jar:junit-4.12.jar:DataStructures.jar:build/classes:build/test/classes" />
    <property name="ant.project.invoked-targets" value="test-single" />
    <property name="test.binaryexcludes" value="" />
    <property name="libs.swing-layout.javadoc" value="C:\Program Files\NetBeans 8.2\platform\docs\swing-layout-1.0.4-doc.zip" />
    <property name="sun.java2d.dpiaware" value="true" />
    <property name="libs.hibernate4-persistence.maven-pom" value="" />
    <property name="https.nonProxyHosts" value="localhost|127.0.0.1|LAPTOP-QiongCheng" />
    <property name="libs.PostgreSQLDriver.maven-pom" value="" />
    <property name="java.class.version" value="52.0" />
    <property name="libs.JAVADB_DRIVER_LABEL.classpath" value="C:\Users\Qiong\chunting\tools\jdk1.8.0_91\db\lib\derby.jar;C:\Users\Qiong\chunting\tools\jdk1.8.0_91\db\lib\derbyclient.jar;C:\Users\Qiong\chunting\tools\jdk1.8.0_91\db\lib\derbynet.jar" />
    <property name="libs.hibernate4-persistencemodelgen.maven-pom" value="" />
    <property name="libs.eclipselink.javadoc" value="C:\Program Files\NetBeans 8.2\java\modules\ext\docs\javax.persistence-2.1.0-doc.zip" />
    <property name="user.properties.file" value="C:\Users\Qiong\AppData\Roaming\NetBeans\8.2\build.properties" />
    <property name="runtime.encoding" value="UTF-8" />
    <property name="libs.javac-api.maven-pom" value="" />
    <property name="file.encoding.pkg" value="sun.io" />
    <property name="sun.cpu.endian" value="little" />
    <property name="libs.JAXB-ENDORSED.javadoc" value="" />
    <property name="libs.JWSAntTasks.classpath" value="C:\Program Files\NetBeans 8.2\java\ant\extra\org-netbeans-modules-javawebstart-anttasks.jar" />
    <property name="libs.spring-framework300.src" value="" />
    <property name="empty.dir" value="C:\Users\Qiong\Documents\NetBeansProjects\DSAssignent1_Shopping\build\empty" />
    <property name="version-output" value="java version &quot;1.8" />
    <property name="test.binarytestincludes" value="" />
    <property name="libs.hibernate4-persistencemodelgen.src" value="" />
    <property name="javadoc.preview" value="true" />
    <property name="libs.jpa20-persistence.javadoc" value="C:\Program Files\NetBeans 8.2\java\modules\ext\docs\javax.persistence-2.1.0-doc.zip" />
    <property name="nbplatform.default.harness.dir" value="${nbplatform.default.netbeans.dest.dir}/harness" />
    <property name="java.home" value="C:\Users\Qiong\chunting\tools\NetBeans\jdk1.8.0_111\jre" />
    <property name="debug.test.classpath" value="hamcrest-core-1.3.jar:junit-4.12.jar:DataStructures.jar:build/classes:build/test/classes" />
    <property name="netbeans.importclass" value="org.netbeans.upgrade.AutoUpgrade" />
    <property name="ant.project.default-target" value="default" />
    <property name="annotation.processing.run.all.processors" value="true" />
    <property name="libs.PostgreSQLDriver.javadoc" value="" />
    <property name="libs.MySQLDriver.maven-pom" value="" />
    <property name="file.reference.DataStructures.jar" value="DataStructures.jar" />
    <property name="libs.hibernate4-persistence.javadoc" value="C:\Program Files\NetBeans 8.2\java\modules\ext\docs\javax.persistence-2.1.0-doc.zip" />
    <property name="http.nonProxyHosts" value="localhost|127.0.0.1|LAPTOP-QiongCheng" />
    <property name="libs.junit_4.javadoc" value="C:\Program Files\NetBeans 8.2\platform\docs\junit-4.12-javadoc.jar" />
    <property name="libs.EclipseLink-GlassFish-v3.maven-pom" value="" />
    <property name="javac.test.modulepath" value="" />
    <property name="run.classpath" value="hamcrest-core-1.3.jar:junit-4.12.jar:DataStructures.jar:build/classes" />
    <property name="jna.boot.library.name" value="jnidispatch-422" />
    <property name="sun.awt.datatransfer.timeout" value="1000" />
    <property name="libs.jpa2-persistence.maven-pom" value="" />
    <property name="annotation.processing.enabled.in.editor" value="false" />
    <property name="libs.hibernate4-support.classpath" value="C:\Program Files\NetBeans 8.2\java\modules\ext\hibernate4\antlr-2.7.7.jar;C:\Program Files\NetBeans 8.2\java\modules\ext\hibernate4\c3p0-0.9.2.1.jar;C:\Program Files\NetBeans 8.2\java\modules\ext\hibernate4\hibernate-c3p0-4.3.1.Final.jar;C:\Program Files\NetBeans 8.2\java\modules\ext\hibernate4\mchange-commons-java-0.2.3.4.jar;C:\Program Files\NetBeans 8.2\java\modules\ext\hibernate4\dom4j-1.6.1.jar;C:\Program Files\NetBeans 8.2\java\modules\ext\hibernate4\ehcache-core-2.4.3.jar;C:\Program Files\NetBeans 8.2\java\modules\ext\hibernate4\hibernate-ehcache-4.3.1.Final.jar;C:\Program Files\NetBeans 8.2\java\modules\ext\hibernate4\hibernate-core-4.3.1.Final.jar;C:\Program Files\NetBeans 8.2\java\modules\ext\hibernate4\jboss-logging-3.1.3.GA.jar;C:\Program Files\NetBeans 8.2\java\modules\ext\hibernate4\hibernate-commons-annotations-4.0.4.Final.jar;C:\Program Files\NetBeans 8.2\java\modules\ext\hibernate4\hibernate-entitymanager-4.3.1.Final.jar;C:\Program Files\NetBeans 8.2\java\modules\ext\hibernate4\javassist-3.18.1-GA.jar;C:\Program Files\NetBeans 8.2\java\modules\ext\hibernate4\jboss-transaction-api_1.2_spec-1.0.0.Final.jar;C:\Program Files\NetBeans 8.2\java\modules\ext\hibernate4\slf4j-api-1.6.1.jar;C:\Program Files\NetBeans 8.2\java\modules\ext\hibernate4\slf4j-simple-1.6.1.jar" />
    <property name="nb.native.filechooser" value="false" />
    <property name="sun.management.compiler" value="HotSpot 64-Bit Tiered Compilers" />
    <property name="javac.deprecation" value="false" />
    <property name="javadoc.use" value="true" />
    <property name="sun.java2d.noddraw" value="true" />
    <property name="javac.processorpath" value="hamcrest-core-1.3.jar:junit-4.12.jar:DataStructures.jar" />
    <property name="libs.hamcrest.maven-pom" value="" />
    <property name="javac.compilerargs" value="" />
    <property name="ant.file" value="C:\Users\Qiong\Documents\NetBeansProjects\DSAssignent1_Shopping\build.xml" />
    <property name="libs.beans-binding.maven-pom" value="" />
    <property name="libs.hibernate4-support.javadoc" value="C:\Program Files\NetBeans 8.2\java\modules\ext\docs\javax.persistence-2.1.0-doc.zip" />
    <property name="libs.Java-EE-GlassFish-v3-Prelude.classpath" value="C:\Users\Qiong\chunting\tools\NetBeans\GlassFish\glassfish-4.1.1\glassfish\modules\endorsed\javax.annotation-api.jar;C:\Users\Qiong\chunting\tools\NetBeans\GlassFish\glassfish-4.1.1\glassfish\modules\endorsed\jaxb-api.jar;C:\Users\Qiong\chunting\tools\NetBeans\GlassFish\glassfish-4.1.1\glassfish\modules\endorsed\webservices-api-osgi.jar;C:\Users\Qiong\chunting\tools\NetBeans\GlassFish\glassfish-4.1.1\glassfish\modules\bean-validator.jar;C:\Users\Qiong\chunting\tools\NetBeans\GlassFish\glassfish-4.1.1\glassfish\modules\cdi-api.jar;C:\Users\Qiong\chunting\tools\NetBeans\GlassFish\glassfish-4.1.1\glassfish\modules\javax.batch-api.jar;C:\Users\Qiong\chunting\tools\NetBeans\GlassFish\glassfish-4.1.1\glassfish\modules\javax.ejb-api.jar;C:\Users\Qiong\chunting\tools\NetBeans\GlassFish\glassfish-4.1.1\glassfish\modules\javax.el.jar;C:\Users\Qiong\chunting\tools\NetBeans\GlassFish\glassfish-4.1.1\glassfish\modules\javax.enterprise.concurrent-api.jar;C:\Users\Qiong\chunting\tools\NetBeans\GlassFish\glassfish-4.1.1\glassfish\modules\javax.enterprise.concurrent.jar;C:\Users\Qiong\chunting\tools\NetBeans\GlassFish\glassfish-4.1.1\glassfish\modules\javax.enterprise.deploy-api.jar;C:\Users\Qiong\chunting\tools\NetBeans\GlassFish\glassfish-4.1.1\glassfish\modules\javax.faces.jar;C:\Users\Qiong\chunting\tools\NetBeans\GlassFish\glassfish-4.1.1\glassfish\modules\javax.inject.jar;C:\Users\Qiong\chunting\tools\NetBeans\GlassFish\glassfish-4.1.1\glassfish\modules\javax.interceptor-api.jar;C:\Users\Qiong\chunting\tools\NetBeans\GlassFish\glassfish-4.1.1\glassfish\modules\javax.jms-api.jar;C:\Users\Qiong\chunting\tools\NetBeans\GlassFish\glassfish-4.1.1\glassfish\modules\javax.json.jar;C:\Users\Qiong\chunting\tools\NetBeans\GlassFish\glassfish-4.1.1\glassfish\modules\javax.mail.jar;C:\Users\Qiong\chunting\tools\NetBeans\GlassFish\glassfish-4.1.1\glassfish\modules\javax.management.j2ee-api.jar;C:\Users\Qiong\chunting\tools\NetBeans\GlassFish\glassfish-4.1.1\glassfish\modules\javax.persistence.jar;C:\Users\Qiong\chunting\tools\NetBeans\GlassFish\glassfish-4.1.1\glassfish\modules\javax.resource-api.jar;C:\Users\Qiong\chunting\tools\NetBeans\GlassFish\glassfish-4.1.1\glassfish\modules\javax.security.auth.message-api.jar;C:\Users\Qiong\chunting\tools\NetBeans\GlassFish\glassfish-4.1.1\glassfish\modules\javax.security.jacc-api.jar;C:\Users\Qiong\chunting\tools\NetBeans\GlassFish\glassfish-4.1.1\glassfish\modules\javax.servlet-api.jar;C:\Users\Qiong\chunting\tools\NetBeans\GlassFish\glassfish-4.1.1\glassfish\modules\javax.servlet.jsp-api.jar;C:\Users\Qiong\chunting\tools\NetBeans\GlassFish\glassfish-4.1.1\glassfish\modules\javax.servlet.jsp.jar;C:\Users\Qiong\chunting\tools\NetBeans\GlassFish\glassfish-4.1.1\glassfish\modules\javax.servlet.jsp.jstl-api.jar;C:\Users\Qiong\chunting\tools\NetBeans\GlassFish\glassfish-4.1.1\glassfish\modules\javax.servlet.jsp.jstl.jar;C:\Users\Qiong\chunting\tools\NetBeans\GlassFish\glassfish-4.1.1\glassfish\modules\javax.transaction-api.jar;C:\Users\Qiong\chunting\tools\NetBeans\GlassFish\glassfish-4.1.1\glassfish\modules\javax.websocket-api.jar;C:\Users\Qiong\chunting\tools\NetBeans\GlassFish\glassfish-4.1.1\glassfish\modules\javax.ws.rs-api.jar;C:\Users\Qiong\chunting\tools\NetBeans\GlassFish\glassfish-4.1.1\glassfish\modules\javax.xml.registry-api.jar;C:\Users\Qiong\chunting\tools\NetBeans\GlassFish\glassfish-4.1.1\glassfish\modules\javax.xml.rpc-api.jar;C:\Users\Qiong\chunting\tools\NetBeans\GlassFish\glassfish-4.1.1\glassfish\modules\jaxb-osgi.jar;C:\Users\Qiong\chunting\tools\NetBeans\GlassFish\glassfish-4.1.1\glassfish\modules\webservices-osgi.jar;C:\Users\Qiong\chunting\tools\NetBeans\GlassFish\glassfish-4.1.1\glassfish\modules\weld-osgi-bundle.jar;C:\Users\Qiong\chunting\tools\NetBeans\GlassFish\glassfish-4.1.1\mq\lib\jaxm-api.jar" />
    <property name="libs.beans-binding.src" value="" />
    <property name="java.vm.specification.vendor" value="Oracle Corporation" />
    <property name="libs.swing-layout.src" value="C:\Program Files\NetBeans 8.2\platform\docs\swing-layout-1.0.4-src.zip" />
    <property name="org.openide.major.version" value="IDE/1" />
    <property name="java.vm.name" value="Java HotSpot(TM) 64-Bit Server VM" />
    <property name="netbeans.user" value="C:\Users\Qiong\AppData\Roaming\NetBeans\8.2" />
    <property name="javadoc.additionalparam" value="" />
    <property name="java.io.tmpdir" value="C:\Users\Qiong\AppData\Local\Temp\" />
    <property name="java.vendor.url" value="http://java.oracle.com/" />
    <property name="endorsed.classpath.cmd.line.arg" value="" />
    <property name="jna.loaded" value="true" />
    <property name="junit.available" value="true" />
    <property name="org.openide.awt.ActionReference.completion" value="org.netbeans.modules.apisupport.project.layers.PathCompletions" />
    <property name="sun.boot.library.path" value="C:\Users\Qiong\chunting\tools\NetBeans\jdk1.8.0_111\jre\bin" />
    <property name="have.sources" value="true" />
    <property name="libs.hamcrest.javadoc" value="" />
    <property name="debug.classpath" value="hamcrest-core-1.3.jar:junit-4.12.jar:DataStructures.jar:build/classes" />
    <property name="javac.external.vm" value="true" />
    <property name="javadoc.private" value="false" />
    <property name="test.src.dir" value="test" />
    <property name="ap.processors.internal" value="" />
    <property name="meta.inf.dir" value="src/META-INF" />
    <property name="javadoc.encoding.used" value="UTF-8" />
    <property name="dist.jar" value="dist/ITCS2214_Shopping.jar" />
    <property name="libs.spring-framework400.maven-pom" value="" />
    <property name="java.runtime.name" value="Java(TM) SE Runtime Environment" />
    <property name="debug.test.modulepath" value="" />
    <property name="ant.project.name" value="ITCS2214_Shopping" />
    <property name="netbeans.hash.code" value="unique=NBJDK_EXTIDE_JAVA_JDK05a89859e-01f7-4af6-8c57-c67cc46b51a0_2d5b64ab-1011-4a01-b46b-ab93345fde2b" />
    <property name="netbeans.default_userdir_root" value="C:\Users\Qiong\AppData\Roaming\NetBeans" />
    <property name="sun.cpu.isalist" value="amd64" />
    <property name="libs.spring-framework400.javadoc" value="" />
    <property name="libs.CopyLibs.javadoc" value="" />
    <property name="javadoc.html5" value="false" />
    <property name="org.openide.specification.version" value="6.2" />
    <property name="user.home" value="C:\Users\Qiong" />
    <property name="annotation.processing.processors.list" value="" />
    <property name="debug-args-line" value="-Xdebug" />
    <property name="libs.JWSAntTasks.src" value="" />
    <property name="jar.index" value="false" />
    <property name="libs.CopyLibs.maven-pom" value="" />
    <property name="libs.spring-framework300.javadoc" value="" />
    <property name="libs.absolutelayout.javadoc" value="" />
    <property name="guice.disable.misplaced.annotation.check" value="true" />
    <property name="java.specification.name" value="Java Platform API Specification" />
    <property name="do.archive+main.class.available" value="true" />
    <property name="java.specification.vendor" value="Oracle Corporation" />
    <property name="ant.file.ITCS2214_Shopping-impl" value="C:\Users\Qiong\Documents\NetBeansProjects\DSAssignent1_Shopping\nbproject\build-impl.xml" />
    <property name="libs.javac-api.classpath" value="C:\Program Files\NetBeans 8.2\java\modules\ext\nb-javac-api.jar" />
    <property name="java.version" value="1.8.0_111" />
    <property name="run.jvmargs.ide" value="" />
    <property name="javadoc.version" value="false" />
    <property name="javac.processormodulepath" value="" />
    <property name="libs.MySQLDriver.javadoc" value="" />
    <property name="org.openide.version" value="deprecated" />
    <property name="platform.java" value="C:\Users\Qiong\chunting\tools\NetBeans\jdk1.8.0_111\jre/bin/java" />
    <property name="source.encoding" value="UTF-8" />
    <property name="ap.cmd.line.internal" value="" />
    <property name="libs.eclipselinkmodelgen.maven-pom" value="" />
    <property name="libs.eclipselinkmodelgen.javadoc" value="" />
    <property name="netbeans.home+have.tests" value="true" />
    <property name="annotation.processing.processor.options" value="" />
    <property name="libs.testng.maven-pom" value="" />
    <property name="libs.jaxb.src" value="" />
    <property name="jdk.launcher.addexports.5" value="java.management/sun.management=ALL-UNNAMED" />
    <property name="jdk.launcher.addexports.4" value="java.desktop/com.sun.java.swing.plaf.windows=ALL-UNNAMED" />
    <property name="jdk.launcher.addexports.3" value="java.desktop/sun.awt.im=ALL-UNNAMED" />
    <property name="work.dir" value="C:\Users\Qiong\Documents\NetBeansProjects\DSAssignent1_Shopping" />
    <property name="jdk.launcher.addexports.2" value="java.desktop/java.awt.peer=ALL-UNNAMED" />
    <property name="libs.jaxb.classpath" value="C:\Program Files\NetBeans 8.2\ide\modules\ext\jaxb\jaxb-impl.jar;C:\Program Files\NetBeans 8.2\ide\modules\ext\jaxb\jaxb-xjc.jar;C:\Program Files\NetBeans 8.2\ide\modules\ext\jaxb\jaxb1-impl.jar;C:\Program Files\NetBeans 8.2\ide\modules\ext\jaxb\activation.jar;C:\Program Files\NetBeans 8.2\ide\modules\ext\jaxb\api\jaxb-api.jar;C:\Program Files\NetBeans 8.2\ide\modules\ext\jaxb\api\jsr173_1.0_api.jar" />
    <property name="jdk.launcher.addexports.1" value="java.base/jdk.internal.jrtfs=ALL-UNNAMED" />
    <property name="jdk.launcher.addexports.0" value="java.desktop/sun.awt=ALL-UNNAMED" />
    <property name="do.depend" value="false" />
    <property name="dist.javadoc.dir" value="dist/javadoc" />
    <property name="libs.swing-layout.classpath" value="C:\Program Files\NetBeans 8.2\platform\modules\ext\swing-layout-1.0.4.jar" />
    <property name="build.generated.dir" value="build/generated" />
    <property name="javac.source" value="1.8" />
    <property name="line.separator" value="&#xd;&#xa;" />
    <property name="java.specification.version" value="1.8" />
    <property name="libs.jaxws21.maven-pom" value="" />
    <property name="java.vm.info" value="mixed mode" />
    <property name="nb.junit.batch" value="true" />
    <property name="junit.forkmode" value="perTest" />
    <property name="file.reference.hamcrest-core-1.3.jar" value="hamcrest-core-1.3.jar" />
    <property name="sun.boot.class.path" value="C:\Users\Qiong\chunting\tools\NetBeans\jdk1.8.0_111\jre\lib\resources.jar;C:\Users\Qiong\chunting\tools\NetBeans\jdk1.8.0_111\jre\lib\rt.jar;C:\Users\Qiong\chunting\tools\NetBeans\jdk1.8.0_111\jre\lib\sunrsasign.jar;C:\Users\Qiong\chunting\tools\NetBeans\jdk1.8.0_111\jre\lib\jsse.jar;C:\Users\Qiong\chunting\tools\NetBeans\jdk1.8.0_111\jre\lib\jce.jar;C:\Users\Qiong\chunting\tools\NetBeans\jdk1.8.0_111\jre\lib\charsets.jar;C:\Users\Qiong\chunting\tools\NetBeans\jdk1.8.0_111\jre\lib\jfr.jar;C:\Users\Qiong\chunting\tools\NetBeans\jdk1.8.0_111\jre\classes" />
    <property name="javac.target" value="1.8" />
    <property name="built-jar.properties" value="C:\Users\Qiong\Documents\NetBeansProjects\DSAssignent1_Shopping\build\built-jar.properties" />
    <property name="build.test.classes.dir" value="build/test/classes" />
    <property name="src.dir" value="src" />
    <property name="annotation.processing.enabled" value="true" />
    <property name="libs.jpa2-persistence.src" value="" />
    <property name="sun.awt.keepWorkingSetOnMinimize" value="true" />
    <property name="libs.jpa20-persistence.src" value="" />
    <property name="libs.JAVADB_DRIVER_LABEL.maven-pom" value="" />
    <property name="ignore.failing.tests" value="true" />
    <property name="libs.Comet-GlassFish-v3.classpath" value="" />
    <property name="dist.dir" value="dist" />
    <property name="jlink.launcher" value="false" />
    <property name="testng.debug.mode" value="" />
    <property name="javac.fork" value="true" />
    <property name="java.awt.printerjob" value="sun.awt.windows.WPrinterJob" />
    <property name="default.javac.source" value="1.8" />
    <property name="debug-transport-by-os" value="dt_shmem" />
    <property name="libs.MySQLDriver.src" value="" />
    <property name="sun.jnu.encoding" value="Cp1252" />
    <property name="java.runtime.version" value="1.8.0_111-b14" />
    <property name="build.test.results.dir" value="build/test/results" />
    <property name="default.javac.target" value="1.8" />
    <property name="libs.junit_4.classpath" value="C:\Program Files\NetBeans 8.2\platform\modules\ext\junit-4.12.jar" />
    <property name="user.timezone" value="" />
    <property name="ant.file.type.ITCS2214_Shopping" value="file" />
    <property name="nb.junit.single" value="false" />
    <property name="do.jar" value="true" />
    <property name="libs.JAVADB_DRIVER_LABEL.javadoc" value="" />
    <property name="netbeans.dirs" value="C:\Program Files\NetBeans 8.2\nb;C:\Program Files\NetBeans 8.2\ergonomics;C:\Program Files\NetBeans 8.2\ide;C:\Program Files\NetBeans 8.2\extide;C:\Program Files\NetBeans 8.2\java;C:\Program Files\NetBeans 8.2\apisupport;C:\Program Files\NetBeans 8.2\webcommon;C:\Program Files\NetBeans 8.2\websvccommon;C:\Program Files\NetBeans 8.2\enterprise;C:\Program Files\NetBeans 8.2\mobility;C:\Program Files\NetBeans 8.2\profiler;C:\Program Files\NetBeans 8.2\python;C:\Program Files\NetBeans 8.2\php;C:\Program Files\NetBeans 8.2\identity;C:\Program Files\NetBeans 8.2\harness;C:\Program Files\NetBeans 8.2\cnd;C:\Program Files\NetBeans 8.2\cndext;C:\Program Files\NetBeans 8.2\dlight;C:\Program Files\NetBeans 8.2\groovy;C:\Program Files\NetBeans 8.2\extra;C:\Program Files\NetBeans 8.2\javacard;C:\Program Files\NetBeans 8.2\javafx" />
    <property name="java.ext.dirs" value="C:\Users\Qiong\chunting\tools\NetBeans\jdk1.8.0_111\jre\lib\ext;C:\WINDOWS\Sun\Java\lib\ext" />
    <property name="endorsed.classpath" value="" />
    <property name="libs.absolutelayout.classpath" value="C:\Program Files\NetBeans 8.2\java\modules\ext\AbsoluteLayout.jar" />
    <property name="excludes" value="" />
    <property name="libs.jpa2-persistence.javadoc" value="C:\Program Files\NetBeans 8.2\java\modules\ext\docs\javax.persistence-2.1.0-doc.zip" />
    <property name="apple.laf.useScreenMenuBar" value="true" />
    <property name="java.class.path" value="C:\Users\Qiong\Documents\NetBeansProjects\DSAssignent1_Shopping\hamcrest-core-1.3.jar;C:\Users\Qiong\Documents\NetBeansProjects\DSAssignent1_Shopping\junit-4.12.jar;C:\Users\Qiong\Documents\NetBeansProjects\DSAssignent1_Shopping\DataStructures.jar;C:\Users\Qiong\Documents\NetBeansProjects\DSAssignent1_Shopping\build\classes;C:\Users\Qiong\Documents\NetBeansProjects\DSAssignent1_Shopping\build\test\classes;C:\Users\Qiong\chunting\tools\j3d-1_5_2-windows-amd64\j3d-jre\lib\ext\j3dcore.jar;C:\Users\Qiong\chunting\tools\j3d-1_5_2-windows-amd64\j3d-jre\lib\ext\j3dutils.jar;C:\Users\Qiong\chunting\tools\j3d-1_5_2-windows-amd64\j3d-jre\lib\ext\vecmath.jar;C:\Users\Qiong\chunting\tools\jdk1.8.0_102\jre\lib\jsse.jar;C:\Users\Qiong\chunting\tbox\Proposals\Writing\Ebox\Papers\tools\ontopia-5.3.0\lib\ontopia-engine-5.3.0.jar;C:\Users\Qiong\chunting\tbox\Proposals\Writing\Ebox\Papers\tools\ontopia-5.3.0\lib\slf4j-log4j12-1.7.5.jar;C:\Users\Qiong\chunting\tbox\Proposals\Writing\Ebox\Papers\tools\ontopia-5.3.0\lib\log4j-1.2.17.jar;C:\Users\Qiong\chunting\tbox\Proposals\Writing\Ebox\Papers\tools\ontopia-5.3.0\lib\mysql-connector-java-5.1.40-bin.jar;C:\Program Files\NetBeans 8.2\extide\ant\lib\ant-launcher.jar;C:\Program Files\NetBeans 8.2\extide\ant\lib\ant.jar;C:\Program Files\NetBeans 8.2\extide\ant\lib\ant-junit.jar;C:\Program Files\NetBeans 8.2\extide\ant\lib\ant-junit4.jar" />
    <property name="do.mkdist" value="true" />
    <property name="libs.absolutelayout.src" value="" />
    <property name="libs.jpa20-persistence.classpath" value="C:\Program Files\NetBeans 8.2\java\modules\ext\eclipselink\javax.persistence_2.1.0.v201304241213.jar" />
    <property name="os.version" value="10.0" />
    <property name="application.args" value="" />
    <property name="libs.EclipseLink-GlassFish-v3.javadoc" value="C:\Users\Qiong\chunting\tools\NetBeans\NetBeans 8.1\enterprise\docs\javaee-doc-api.jar" />
    <property name="main.class.available" value="true" />
    <property name="sun.awt.enableExtraMouseButtons" value="true" />
    <property name="sun.desktop" value="windows" />
    <property name="jlink.launcher.name" value="Shopping" />
    <property name="libs.hibernate4-persistence.src" value="" />
    <property name="libs.hibernate4-support.maven-pom" value="" />
    <property name="ant.file.ITCS2214_Shopping" value="C:\Users\Qiong\Documents\NetBeansProjects\DSAssignent1_Shopping\build.xml" />
    <property name="libs.Comet-GlassFish-v3.src" value="" />
    <property name="libs.JAXB-ENDORSED.classpath" value="C:\Program Files\NetBeans 8.2\ide\modules\ext\jaxb\api\jaxb-api.jar" />
    <property name="nb.internal.action.name" value="test.single" />
    <property name="run.test.modulepath" value="" />
    <property name="libs.eclipselink.classpath" value="C:\Program Files\NetBeans 8.2\java\modules\ext\eclipselink\eclipselink.jar;C:\Program Files\NetBeans 8.2\java\modules\ext\eclipselink\javax.persistence_2.1.0.v201304241213.jar;C:\Program Files\NetBeans 8.2\java\modules\ext\eclipselink\org.eclipse.persistence.jpa.jpql_2.5.2.v20140319-9ad6abd.jar" />
    <property name="libs.beans-binding.javadoc" value="C:\Program Files\NetBeans 8.2\java\docs\beansbinding-1.2.1-doc.zip" />
    <property name="java.awt.graphicsenv" value="sun.awt.Win32GraphicsEnvironment" />
    <property name="java.vm.vendor" value="Oracle Corporation" />
    <property name="libs.CopyLibs.classpath" value="C:\Program Files\NetBeans 8.2\java\ant\extra\org-netbeans-modules-java-j2seproject-copylibstask.jar" />
    <property name="libs.spring-framework300.classpath" value="C:\Program Files\NetBeans 8.2\ide\modules\org-apache-commons-logging.jar;C:\Program Files\NetBeans 8.2\java\modules\ext\cglib-2.2.jar;C:\Program Files\NetBeans 8.2\java\modules\ext\spring-3.0\spring-aop-3.2.7.RELEASE.jar;C:\Program Files\NetBeans 8.2\java\modules\ext\spring-3.0\spring-aspects-3.2.7.RELEASE.jar;C:\Program Files\NetBeans 8.2\java\modules\ext\spring-3.0\spring-beans-3.2.7.RELEASE.jar;C:\Program Files\NetBeans 8.2\java\modules\ext\spring-3.0\spring-build-src-3.2.7.RELEASE.jar;C:\Program Files\NetBeans 8.2\java\modules\ext\spring-3.0\spring-context-3.2.7.RELEASE.jar;C:\Program Files\NetBeans 8.2\java\modules\ext\spring-3.0\spring-context-support-3.2.7.RELEASE.jar;C:\Program Files\NetBeans 8.2\java\modules\ext\spring-3.0\spring-core-3.2.7.RELEASE.jar;C:\Program Files\NetBeans 8.2\java\modules\ext\spring-3.0\spring-expression-3.2.7.RELEASE.jar;C:\Program Files\NetBeans 8.2\java\modules\ext\spring-3.0\spring-framework-bom-3.2.7.RELEASE.jar;C:\Program Files\NetBeans 8.2\java\modules\ext\spring-3.0\spring-instrument-3.2.7.RELEASE.jar;C:\Program Files\NetBeans 8.2\java\modules\ext\spring-3.0\spring-instrument-tomcat-3.2.7.RELEASE.jar;C:\Program Files\NetBeans 8.2\java\modules\ext\spring-3.0\spring-jdbc-3.2.7.RELEASE.jar;C:\Program Files\NetBeans 8.2\java\modules\ext\spring-3.0\spring-jms-3.2.7.RELEASE.jar;C:\Program Files\NetBeans 8.2\java\modules\ext\spring-3.0\spring-orm-3.2.7.RELEASE.jar;C:\Program Files\NetBeans 8.2\java\modules\ext\spring-3.0\spring-oxm-3.2.7.RELEASE.jar;C:\Program Files\NetBeans 8.2\java\modules\ext\spring-3.0\spring-struts-3.2.7.RELEASE.jar;C:\Program Files\NetBeans 8.2\java\modules\ext\spring-3.0\spring-test-3.2.7.RELEASE.jar;C:\Program Files\NetBeans 8.2\java\modules\ext\spring-3.0\spring-tx-3.2.7.RELEASE.jar;C:\Program Files\NetBeans 8.2\java\modules\ext\spring-3.0\spring-web-3.2.7.RELEASE.jar;C:\Program Files\NetBeans 8.2\java\modules\ext\spring-3.0\spring-webmvc-3.2.7.RELEASE.jar;C:\Program Files\NetBeans 8.2\java\modules\ext\spring-3.0\spring-webmvc-portlet-3.2.7.RELEASE.jar" />
    <property name="libs.hamcrest.src" value="" />
    <property name="run.jvmargs" value="" />
    <property name="libs.hibernate4-persistence.classpath" value="C:\Program Files\NetBeans 8.2\java\modules\ext\hibernate4\antlr-2.7.7.jar;C:\Program Files\NetBeans 8.2\java\modules\ext\hibernate4\c3p0-0.9.2.1.jar;C:\Program Files\NetBeans 8.2\java\modules\ext\hibernate4\hibernate-c3p0-4.3.1.Final.jar;C:\Program Files\NetBeans 8.2\java\modules\ext\hibernate4\mchange-commons-java-0.2.3.4.jar;C:\Program Files\NetBeans 8.2\java\modules\ext\hibernate4\dom4j-1.6.1.jar;C:\Program Files\NetBeans 8.2\java\modules\ext\hibernate4\ehcache-core-2.4.3.jar;C:\Program Files\NetBeans 8.2\java\modules\ext\hibernate4\hibernate-ehcache-4.3.1.Final.jar;C:\Program Files\NetBeans 8.2\java\modules\ext\hibernate4\hibernate-core-4.3.1.Final.jar;C:\Program Files\NetBeans 8.2\java\modules\ext\hibernate4\jboss-logging-3.1.3.GA.jar;C:\Program Files\NetBeans 8.2\java\modules\ext\hibernate4\hibernate-commons-annotations-4.0.4.Final.jar;C:\Program Files\NetBeans 8.2\java\modules\ext\hibernate4\hibernate-entitymanager-4.3.1.Final.jar;C:\Program Files\NetBeans 8.2\java\modules\ext\hibernate4\javassist-3.18.1-GA.jar;C:\Program Files\NetBeans 8.2\java\modules\ext\hibernate4\jboss-transaction-api_1.2_spec-1.0.0.Final.jar;C:\Program Files\NetBeans 8.2\java\modules\ext\hibernate4\slf4j-api-1.6.1.jar;C:\Program Files\NetBeans 8.2\java\modules\ext\hibernate4\slf4j-simple-1.6.1.jar;C:\Program Files\NetBeans 8.2\java\modules\ext\hibernate4\hibernate-jpa-2.1-api-1.0.0.Final.jar" />
    <property name="libs.JAXB-ENDORSED.src" value="" />
    <property name="dist.archive.excludes" value="" />
    <property name="libs.testng.javadoc" value="C:\Program Files\NetBeans 8.2\platform\docs\testng-6.8.1-javadoc.zip" />
    <property name="user.script" value="" />
    <property name="libs.PostgreSQLDriver.classpath" value="C:\Program Files\NetBeans 8.2\ide\modules\ext\postgresql-9.4.1209.jar" />
    <property name="libs.hibernate4-persistencemodelgen.classpath" value="C:\Program Files\NetBeans 8.2\java\modules\ext\hibernate4\hibernate-jpamodelgen-4.3.1.Final.jar" />
    <property name="annotation.processing.source.output" value="build/generated-sources/ap-source-output" />
    <property name="main.class" value="Shopping.ShoppingSimulation" />
    <property name="build.dir" value="build" />
    <property name="libs.CopyLibs.src" value="" />
    <property name="debug.modulepath" value="" />
    <property name="ant.version" value="Apache Ant(TM) version 1.9.7 compiled on April 9 2016" />
    <property name="file.encoding" value="Cp1252" />
    <property name="build.classes.excludes" value="**/*.java,**/*.form" />
    <property name="jdkBug6558476" value="false" />
    <property name="javadoc.nonavbar" value="false" />
    <property name="platform.active" value="default_platform" />
    <property name="awt.toolkit" value="sun.awt.windows.WToolkit" />
  </properties>
  <testcase name="testFind1" classname="Shopping.ShoppingListArrayTest" time="0.001" />
  <testcase name="testFind2" classname="Shopping.ShoppingListArrayTest" time="0.001" />
  <testcase name="testFind3" classname="Shopping.ShoppingListArrayTest" time="0.0" />
  <testcase name="testFind4" classname="Shopping.ShoppingListArrayTest" time="0.001" />
  <testcase name="testAdd1" classname="Shopping.ShoppingListArrayTest" time="0.0" />
  <testcase name="testAdd2" classname="Shopping.ShoppingListArrayTest" time="0.0" />
  <testcase name="testAdd3" classname="Shopping.ShoppingListArrayTest" time="0.0" />
  <testcase name="testSize" classname="Shopping.ShoppingListArrayTest" time="0.001" />
  <testcase name="testAddExpands" classname="Shopping.ShoppingListArrayTest" time="0.0" />
  <testcase name="testContains1" classname="Shopping.ShoppingListArrayTest" time="0.0" />
  <testcase name="testContains2" classname="Shopping.ShoppingListArrayTest" time="0.0" />
  <testcase name="testContains3" classname="Shopping.ShoppingListArrayTest" time="0.0" />
  <testcase name="testContains4" classname="Shopping.ShoppingListArrayTest" time="0.001" />
  <testcase name="testRemove1" classname="Shopping.ShoppingListArrayTest" time="0.0" />
  <testcase name="testRemove2" classname="Shopping.ShoppingListArrayTest" time="0.001" />
  <testcase name="testRemove3" classname="Shopping.ShoppingListArrayTest" time="0.001" />
  <testcase name="testIndexOf1" classname="Shopping.ShoppingListArrayTest" time="0.0" />
  <testcase name="testIndexOf2" classname="Shopping.ShoppingListArrayTest" time="0.001" />
  <testcase name="testIndexOf3" classname="Shopping.ShoppingListArrayTest" time="0.001" />
  <testcase name="testIndexOf4" classname="Shopping.ShoppingListArrayTest" time="0.0" />
  <testcase name="testIsEmpty" classname="Shopping.ShoppingListArrayTest" time="0.0" />
  <system-out><![CDATA[]]></system-out>
  <system-err><![CDATA[]]></system-err>
</testsuite>
